// Output created by jacc on Thu Jan 03 15:28:05 CET 2013

state 0 (entry on top)
    $accept : _top $end

    IDENT shift 4
    INT shift 5
    '!' shift 6
    '(' shift 7
    '+' shift 8
    '-' shift 9
    . error

    top goto 1
    expr goto 2
    comp goto 3

state 1 (entry on top)
    $accept : top_$end

    $end accept
    . error

state 2 (entry on expr)
    expr : expr_'*' expr    (12)
    expr : expr_'/' expr    (13)
    expr : expr_'+' expr    (14)
    expr : expr_'-' expr    (15)
    expr : expr_AND expr    (16)
    expr : expr_OR expr    (17)
    comp : expr_EQ expr    (2)
    comp : expr_NEQ expr    (3)
    comp : expr_'>' expr    (4)
    comp : expr_'<' expr    (5)
    comp : expr_GEQ expr    (6)
    comp : expr_LEQ expr    (7)
    comp : expr_    (8)

    AND shift 10
    EQ shift 11
    GEQ shift 12
    LEQ shift 13
    NEQ shift 14
    OR shift 15
    '*' shift 16
    '+' shift 17
    '-' shift 18
    '/' shift 19
    '<' shift 20
    '>' shift 21
    $end reduce 8
    ')' reduce 8
    . error

state 3 (entry on comp)
    top : comp_    (1)

    $end reduce 1
    . error

state 4 (entry on IDENT)
    expr : IDENT_    (19)

    '!' error
    NEW error
    INT error
    '(' error
    error error
    UPLUS error
    UNOT error
    UMIN error
    IDENT error
    . reduce 19

state 5 (entry on INT)
    expr : INT_    (18)

    '!' error
    NEW error
    INT error
    '(' error
    error error
    UPLUS error
    UNOT error
    UMIN error
    IDENT error
    . reduce 18

state 6 (entry on '!')
    expr : '!'_expr    (11)

    IDENT shift 4
    INT shift 5
    '!' shift 6
    '(' shift 7
    '+' shift 8
    '-' shift 9
    . error

    expr goto 22

state 7 (entry on '(')
    expr : '('_comp ')'    (20)

    IDENT shift 4
    INT shift 5
    '!' shift 6
    '(' shift 7
    '+' shift 8
    '-' shift 9
    . error

    expr goto 2
    comp goto 23

state 8 (entry on '+')
    expr : '+'_expr    (9)

    IDENT shift 4
    INT shift 5
    '!' shift 6
    '(' shift 7
    '+' shift 8
    '-' shift 9
    . error

    expr goto 24

state 9 (entry on '-')
    expr : '-'_expr    (10)

    IDENT shift 4
    INT shift 5
    '!' shift 6
    '(' shift 7
    '+' shift 8
    '-' shift 9
    . error

    expr goto 25

state 10 (entry on AND)
    expr : expr AND_expr    (16)

    IDENT shift 4
    INT shift 5
    '!' shift 6
    '(' shift 7
    '+' shift 8
    '-' shift 9
    . error

    expr goto 26

state 11 (entry on EQ)
    comp : expr EQ_expr    (2)

    IDENT shift 4
    INT shift 5
    '!' shift 6
    '(' shift 7
    '+' shift 8
    '-' shift 9
    . error

    expr goto 27

state 12 (entry on GEQ)
    comp : expr GEQ_expr    (6)

    IDENT shift 4
    INT shift 5
    '!' shift 6
    '(' shift 7
    '+' shift 8
    '-' shift 9
    . error

    expr goto 28

state 13 (entry on LEQ)
    comp : expr LEQ_expr    (7)

    IDENT shift 4
    INT shift 5
    '!' shift 6
    '(' shift 7
    '+' shift 8
    '-' shift 9
    . error

    expr goto 29

state 14 (entry on NEQ)
    comp : expr NEQ_expr    (3)

    IDENT shift 4
    INT shift 5
    '!' shift 6
    '(' shift 7
    '+' shift 8
    '-' shift 9
    . error

    expr goto 30

state 15 (entry on OR)
    expr : expr OR_expr    (17)

    IDENT shift 4
    INT shift 5
    '!' shift 6
    '(' shift 7
    '+' shift 8
    '-' shift 9
    . error

    expr goto 31

state 16 (entry on '*')
    expr : expr '*'_expr    (12)

    IDENT shift 4
    INT shift 5
    '!' shift 6
    '(' shift 7
    '+' shift 8
    '-' shift 9
    . error

    expr goto 32

state 17 (entry on '+')
    expr : expr '+'_expr    (14)

    IDENT shift 4
    INT shift 5
    '!' shift 6
    '(' shift 7
    '+' shift 8
    '-' shift 9
    . error

    expr goto 33

state 18 (entry on '-')
    expr : expr '-'_expr    (15)

    IDENT shift 4
    INT shift 5
    '!' shift 6
    '(' shift 7
    '+' shift 8
    '-' shift 9
    . error

    expr goto 34

state 19 (entry on '/')
    expr : expr '/'_expr    (13)

    IDENT shift 4
    INT shift 5
    '!' shift 6
    '(' shift 7
    '+' shift 8
    '-' shift 9
    . error

    expr goto 35

state 20 (entry on '<')
    comp : expr '<'_expr    (5)

    IDENT shift 4
    INT shift 5
    '!' shift 6
    '(' shift 7
    '+' shift 8
    '-' shift 9
    . error

    expr goto 36

state 21 (entry on '>')
    comp : expr '>'_expr    (4)

    IDENT shift 4
    INT shift 5
    '!' shift 6
    '(' shift 7
    '+' shift 8
    '-' shift 9
    . error

    expr goto 37

state 22 (entry on expr)
    expr : '!' expr_    (11)
    expr : expr_'*' expr    (12)
    expr : expr_'/' expr    (13)
    expr : expr_'+' expr    (14)
    expr : expr_'-' expr    (15)
    expr : expr_AND expr    (16)
    expr : expr_OR expr    (17)

    '!' error
    NEW error
    INT error
    '(' error
    error error
    UPLUS error
    UNOT error
    UMIN error
    IDENT error
    . reduce 11

state 23 (entry on comp)
    expr : '(' comp_')'    (20)

    ')' shift 38
    . error

state 24 (entry on expr)
    expr : '+' expr_    (9)
    expr : expr_'*' expr    (12)
    expr : expr_'/' expr    (13)
    expr : expr_'+' expr    (14)
    expr : expr_'-' expr    (15)
    expr : expr_AND expr    (16)
    expr : expr_OR expr    (17)

    '!' error
    NEW error
    INT error
    '(' error
    error error
    UPLUS error
    UNOT error
    UMIN error
    IDENT error
    . reduce 9

state 25 (entry on expr)
    expr : '-' expr_    (10)
    expr : expr_'*' expr    (12)
    expr : expr_'/' expr    (13)
    expr : expr_'+' expr    (14)
    expr : expr_'-' expr    (15)
    expr : expr_AND expr    (16)
    expr : expr_OR expr    (17)

    '!' error
    NEW error
    INT error
    '(' error
    error error
    UPLUS error
    UNOT error
    UMIN error
    IDENT error
    . reduce 10

state 26 (entry on expr)
    expr : expr_'*' expr    (12)
    expr : expr_'/' expr    (13)
    expr : expr_'+' expr    (14)
    expr : expr_'-' expr    (15)
    expr : expr_AND expr    (16)
    expr : expr AND expr_    (16)
    expr : expr_OR expr    (17)

    INT error
    '(' error
    UPLUS error
    UMIN error
    IDENT error
    NEW error
    error error
    '!' error
    UNOT error
    '*' shift 16
    '+' shift 17
    '-' shift 18
    '/' shift 19
    . reduce 16

state 27 (entry on expr)
    expr : expr_'*' expr    (12)
    expr : expr_'/' expr    (13)
    expr : expr_'+' expr    (14)
    expr : expr_'-' expr    (15)
    expr : expr_AND expr    (16)
    expr : expr_OR expr    (17)
    comp : expr EQ expr_    (2)

    AND shift 10
    OR shift 15
    '*' shift 16
    '+' shift 17
    '-' shift 18
    '/' shift 19
    $end reduce 2
    ')' reduce 2
    . error

state 28 (entry on expr)
    expr : expr_'*' expr    (12)
    expr : expr_'/' expr    (13)
    expr : expr_'+' expr    (14)
    expr : expr_'-' expr    (15)
    expr : expr_AND expr    (16)
    expr : expr_OR expr    (17)
    comp : expr GEQ expr_    (6)

    AND shift 10
    OR shift 15
    '*' shift 16
    '+' shift 17
    '-' shift 18
    '/' shift 19
    $end reduce 6
    ')' reduce 6
    . error

state 29 (entry on expr)
    expr : expr_'*' expr    (12)
    expr : expr_'/' expr    (13)
    expr : expr_'+' expr    (14)
    expr : expr_'-' expr    (15)
    expr : expr_AND expr    (16)
    expr : expr_OR expr    (17)
    comp : expr LEQ expr_    (7)

    AND shift 10
    OR shift 15
    '*' shift 16
    '+' shift 17
    '-' shift 18
    '/' shift 19
    $end reduce 7
    ')' reduce 7
    . error

state 30 (entry on expr)
    expr : expr_'*' expr    (12)
    expr : expr_'/' expr    (13)
    expr : expr_'+' expr    (14)
    expr : expr_'-' expr    (15)
    expr : expr_AND expr    (16)
    expr : expr_OR expr    (17)
    comp : expr NEQ expr_    (3)

    AND shift 10
    OR shift 15
    '*' shift 16
    '+' shift 17
    '-' shift 18
    '/' shift 19
    $end reduce 3
    ')' reduce 3
    . error

state 31 (entry on expr)
    expr : expr_'*' expr    (12)
    expr : expr_'/' expr    (13)
    expr : expr_'+' expr    (14)
    expr : expr_'-' expr    (15)
    expr : expr_AND expr    (16)
    expr : expr_OR expr    (17)
    expr : expr OR expr_    (17)

    AND shift 10
    '*' shift 16
    '+' shift 17
    '-' shift 18
    '/' shift 19
    NEQ reduce 17
    LEQ reduce 17
    GEQ reduce 17
    '>' reduce 17
    '<' reduce 17
    OR reduce 17
    ')' reduce 17
    $end reduce 17
    EQ reduce 17
    . error

state 32 (entry on expr)
    expr : expr_'*' expr    (12)
    expr : expr '*' expr_    (12)
    expr : expr_'/' expr    (13)
    expr : expr_'+' expr    (14)
    expr : expr_'-' expr    (15)
    expr : expr_AND expr    (16)
    expr : expr_OR expr    (17)

    '!' error
    NEW error
    INT error
    '(' error
    error error
    UPLUS error
    UNOT error
    UMIN error
    IDENT error
    . reduce 12

state 33 (entry on expr)
    expr : expr_'*' expr    (12)
    expr : expr_'/' expr    (13)
    expr : expr_'+' expr    (14)
    expr : expr '+' expr_    (14)
    expr : expr_'-' expr    (15)
    expr : expr_AND expr    (16)
    expr : expr_OR expr    (17)

    UNOT error
    error error
    UPLUS error
    NEW error
    '(' error
    '!' error
    UMIN error
    INT error
    IDENT error
    '*' shift 16
    '/' shift 19
    . reduce 14

state 34 (entry on expr)
    expr : expr_'*' expr    (12)
    expr : expr_'/' expr    (13)
    expr : expr_'+' expr    (14)
    expr : expr_'-' expr    (15)
    expr : expr '-' expr_    (15)
    expr : expr_AND expr    (16)
    expr : expr_OR expr    (17)

    UNOT error
    error error
    UPLUS error
    NEW error
    '(' error
    '!' error
    UMIN error
    INT error
    IDENT error
    '*' shift 16
    '/' shift 19
    . reduce 15

state 35 (entry on expr)
    expr : expr_'*' expr    (12)
    expr : expr_'/' expr    (13)
    expr : expr '/' expr_    (13)
    expr : expr_'+' expr    (14)
    expr : expr_'-' expr    (15)
    expr : expr_AND expr    (16)
    expr : expr_OR expr    (17)

    '!' error
    NEW error
    INT error
    '(' error
    error error
    UPLUS error
    UNOT error
    UMIN error
    IDENT error
    . reduce 13

state 36 (entry on expr)
    expr : expr_'*' expr    (12)
    expr : expr_'/' expr    (13)
    expr : expr_'+' expr    (14)
    expr : expr_'-' expr    (15)
    expr : expr_AND expr    (16)
    expr : expr_OR expr    (17)
    comp : expr '<' expr_    (5)

    AND shift 10
    OR shift 15
    '*' shift 16
    '+' shift 17
    '-' shift 18
    '/' shift 19
    $end reduce 5
    ')' reduce 5
    . error

state 37 (entry on expr)
    expr : expr_'*' expr    (12)
    expr : expr_'/' expr    (13)
    expr : expr_'+' expr    (14)
    expr : expr_'-' expr    (15)
    expr : expr_AND expr    (16)
    expr : expr_OR expr    (17)
    comp : expr '>' expr_    (4)

    AND shift 10
    OR shift 15
    '*' shift 16
    '+' shift 17
    '-' shift 18
    '/' shift 19
    $end reduce 4
    ')' reduce 4
    . error

state 38 (entry on ')')
    expr : '(' comp ')'_    (20)

    '!' error
    NEW error
    INT error
    '(' error
    error error
    UPLUS error
    UNOT error
    UMIN error
    IDENT error
    . reduce 20

23 terminals, 3 nonterminals;
20 grammar rules, 39 states;
0 shift/reduce and 0 reduce/reduce conflicts reported.
